\BOOKMARK [0][-]{chapter*.6}{\376\377\000R\000e\000s\000u\000m\000e\000n}{}% 1
\BOOKMARK [0][-]{chapter*.8}{\376\377\000I\000n\000t\000r\000o\000d\000u\000c\000c\000i\000\363\000n}{}% 2
\BOOKMARK [0][-]{chapter.1}{\376\377\000P\000l\000a\000n\000t\000e\000a\000m\000i\000e\000n\000t\000o\000\040\000d\000e\000l\000\040\000P\000r\000o\000b\000l\000e\000m\000a}{}% 3
\BOOKMARK [1][-]{section.1.1}{\376\377\000D\000e\000s\000c\000r\000i\000p\000c\000i\000\363\000n\000\040\000d\000e\000\040\000l\000a\000\040\000R\000e\000a\000l\000i\000d\000a\000d\000\040\000P\000r\000o\000b\000l\000e\000m\000\341\000t\000i\000c\000a}{chapter.1}% 4
\BOOKMARK [1][-]{section.1.2}{\376\377\000F\000o\000r\000m\000u\000l\000a\000c\000i\000\363\000n\000\040\000d\000e\000l\000\040\000P\000r\000o\000b\000l\000e\000m\000a}{chapter.1}% 5
\BOOKMARK [2][-]{subsection.1.2.1}{\376\377\000P\000r\000o\000b\000l\000e\000m\000a\000\040\000G\000e\000n\000e\000r\000a\000l}{section.1.2}% 6
\BOOKMARK [2][-]{subsection.1.2.2}{\376\377\000P\000r\000o\000b\000l\000e\000m\000a\000s\000\040\000E\000s\000p\000e\000c\000\355\000f\000i\000c\000o\000s}{section.1.2}% 7
\BOOKMARK [1][-]{section.1.3}{\376\377\000O\000b\000j\000e\000t\000i\000v\000o\000s\000\040\000d\000e\000\040\000l\000a\000\040\000I\000n\000v\000e\000s\000t\000i\000g\000a\000c\000i\000\363\000n}{chapter.1}% 8
\BOOKMARK [2][-]{subsection.1.3.1}{\376\377\000O\000b\000j\000e\000t\000i\000v\000o\000\040\000G\000e\000n\000e\000r\000a\000l}{section.1.3}% 9
\BOOKMARK [2][-]{subsection.1.3.2}{\376\377\000O\000b\000j\000e\000t\000i\000v\000o\000s\000\040\000E\000s\000p\000e\000c\000\355\000f\000i\000c\000o\000s}{section.1.3}% 10
\BOOKMARK [1][-]{section.1.4}{\376\377\000H\000i\000p\000\363\000t\000e\000s\000i\000s}{chapter.1}% 11
\BOOKMARK [2][-]{subsection.1.4.1}{\376\377\000H\000i\000p\000\363\000t\000e\000s\000i\000s\000\040\000G\000e\000n\000e\000r\000a\000l}{section.1.4}% 12
\BOOKMARK [2][-]{subsection.1.4.2}{\376\377\000H\000i\000p\000\363\000t\000e\000s\000i\000s\000\040\000E\000s\000p\000e\000c\000\355\000f\000i\000c\000a\000s}{section.1.4}% 13
\BOOKMARK [1][-]{section.1.5}{\376\377\000J\000u\000s\000t\000i\000f\000i\000c\000a\000c\000i\000\363\000n\000\040\000d\000e\000\040\000l\000a\000\040\000I\000n\000v\000e\000s\000t\000i\000g\000a\000c\000i\000\363\000n}{chapter.1}% 14
\BOOKMARK [2][-]{subsection.1.5.1}{\376\377\000T\000e\000\363\000r\000i\000c\000a}{section.1.5}% 15
\BOOKMARK [2][-]{subsection.1.5.2}{\376\377\000P\000r\000\341\000c\000t\000i\000c\000a}{section.1.5}% 16
\BOOKMARK [2][-]{subsection.1.5.3}{\376\377\000M\000e\000t\000o\000d\000o\000l\000\363\000g\000i\000c\000a}{section.1.5}% 17
\BOOKMARK [1][-]{section.1.6}{\376\377\000D\000e\000l\000i\000m\000i\000t\000a\000c\000i\000\363\000n\000\040\000d\000e\000l\000\040\000E\000s\000t\000u\000d\000i\000o}{chapter.1}% 18
\BOOKMARK [2][-]{subsection.1.6.1}{\376\377\000E\000s\000p\000a\000c\000i\000a\000l}{section.1.6}% 19
\BOOKMARK [2][-]{subsection.1.6.2}{\376\377\000T\000e\000m\000p\000o\000r\000a\000l}{section.1.6}% 20
\BOOKMARK [2][-]{subsection.1.6.3}{\376\377\000C\000o\000n\000c\000e\000p\000t\000u\000a\000l}{section.1.6}% 21
\BOOKMARK [0][-]{chapter.2}{\376\377\000M\000a\000r\000c\000o\000\040\000T\000e\000\363\000r\000i\000c\000o}{}% 22
\BOOKMARK [1][-]{section.2.1}{\376\377\000A\000n\000t\000e\000c\000e\000d\000e\000n\000t\000e\000s\000\040\000d\000e\000\040\000l\000a\000\040\000i\000n\000v\000e\000s\000t\000i\000g\000a\000c\000i\000\363\000n}{chapter.2}% 23
\BOOKMARK [2][-]{subsection.2.1.1}{\376\377\000a\000r\000t\000w\000u\0002\0000\0001\0009\000i\000n\000t\000e\000r\000i\000o\000r}{section.2.1}% 24
\BOOKMARK [2][-]{subsection.2.1.2}{\376\377\000p\000r\000k\000e\000t\000k\000h\000a\000w\0002\0000\0001\0009\000d\000e\000e\000p\000l}{section.2.1}% 25
\BOOKMARK [2][-]{subsection.2.1.3}{\376\377\000p\000r\000n\000a\000u\000a\000t\000a\0002\0000\0002\0001\000h\000o\000u\000s\000e\000g\000a\000n}{section.2.1}% 26
\BOOKMARK [2][-]{subsection.2.1.4}{\376\377\000p\000r\000c\000a\000i\0002\0000\0002\0003\000p\000r\000e\000c\000i\000s\000e\000w\000i\000f\000i}{section.2.1}% 27
\BOOKMARK [2][-]{subsection.2.1.5}{\376\377\000p\000r\000h\000o\000s\000s\000e\000i\000n\000i\0002\0000\0002\0003\000N\000S\000G\000A\000I\000I\000a\000p}{section.2.1}% 28
\BOOKMARK [2][-]{subsection.2.1.6}{\376\377\000p\000r\000l\000e\000e\0002\0000\0001\0005\000c\000o\000v\000e\000r\000a\000g\000e\0003\000d}{section.2.1}% 29
\BOOKMARK [2][-]{subsection.2.1.7}{\376\377\000p\000r\000o\000z\000e\000r\000o\000l\0002\0000\0002\0003\000g\000e\000n\000e\000r\000m\000a\000s\000s}{section.2.1}% 30
\BOOKMARK [2][-]{subsection.2.1.8}{\376\377\000p\000r\000c\000h\000a\000n\000g\0002\0000\0002\0001\000b\000u\000i\000l\000d\000i\000n\000g\000g\000a\000n}{section.2.1}% 31
\BOOKMARK [2][-]{subsection.2.1.9}{\376\377\000p\000r\000c\000h\000e\000n\0002\0000\0002\0000\000i\000n\000t\000e\000l\000h\000o\000m\000e\0003\000d}{section.2.1}% 32
\BOOKMARK [2][-]{subsection.2.1.10}{\376\377\000p\000r\000d\000o\000u\0002\0000\0002\0003\000r\000e\000s\000e\000a\000r\000c\000h\000w\000i\000r}{section.2.1}% 33
\BOOKMARK [1][-]{section.2.2}{\376\377\000B\000a\000s\000e\000s\000\040\000T\000e\000\363\000r\000i\000c\000a\000s}{chapter.2}% 34
\BOOKMARK [2][-]{subsection.2.2.1}{\376\377\000I\000n\000t\000e\000l\000i\000g\000e\000n\000c\000i\000a\000\040\000A\000r\000t\000i\000f\000i\000c\000i\000a\000l}{section.2.2}% 35
\BOOKMARK [2][-]{subsection.2.2.2}{\376\377\000A\000p\000r\000e\000n\000d\000i\000z\000a\000j\000e\000\040\000A\000u\000t\000o\000m\000\341\000t\000i\000c\000o}{section.2.2}% 36
\BOOKMARK [2][-]{subsection.2.2.3}{\376\377\000A\000p\000r\000e\000n\000d\000i\000z\000a\000j\000e\000\040\000P\000r\000o\000f\000u\000n\000d\000o}{section.2.2}% 37
\BOOKMARK [2][-]{subsection.2.2.4}{\376\377\000A\000p\000r\000e\000n\000d\000i\000z\000a\000j\000e\000\040\000P\000r\000o\000f\000u\000n\000d\000o\000\040\000M\000u\000l\000t\000i\000m\000o\000d\000a\000l}{section.2.2}% 38
\BOOKMARK [2][-]{subsection.2.2.5}{\376\377\000I\000n\000t\000e\000l\000i\000g\000e\000n\000c\000i\000a\000\040\000A\000r\000t\000i\000f\000i\000c\000i\000a\000l\000\040\000G\000e\000n\000e\000r\000a\000t\000i\000v\000a}{section.2.2}% 39
\BOOKMARK [2][-]{subsection.2.2.6}{\376\377\000M\000o\000d\000e\000l\000o\000s\000\040\000d\000e\000\040\000P\000r\000e\000d\000i\000c\000c\000i\000\363\000n\000\040\000y\000\040\000A\000n\000\341\000l\000i\000s\000i\000s\000\040\000d\000e\000\040\000D\000a\000t\000o\000s\000\040\000E\000s\000p\000a\000c\000i\000a\000l\000e\000s}{section.2.2}% 40
\BOOKMARK [2][-]{subsection.2.2.7}{\376\377\000R\000e\000d\000e\000s\000\040\000N\000e\000u\000r\000o\000n\000a\000l\000e\000s\000\040\000R\000e\000c\000u\000r\000r\000e\000n\000t\000e\000s\000\040\000y\000\040\000R\000e\000d\000e\000s\000\040\000N\000e\000u\000r\000o\000n\000a\000l\000e\000s\000\040\000C\000o\000n\000v\000o\000l\000u\000c\000i\000o\000n\000a\000l\000e\000s}{section.2.2}% 41
\BOOKMARK [2][-]{subsection.2.2.8}{\376\377\000R\000e\000d\000e\000s\000\040\000G\000e\000n\000e\000r\000a\000t\000i\000v\000a\000s\000\040\000A\000n\000t\000a\000g\000\363\000n\000i\000c\000a\000s}{section.2.2}% 42
\BOOKMARK [3][-]{subsubsection.2.2.8.1}{\376\377\000A\000r\000q\000u\000i\000t\000e\000c\000t\000u\000r\000a\000\040\000d\000e\000\040\000l\000a\000s\000\040\000G\000A\000N}{subsection.2.2.8}% 43
\BOOKMARK [3][-]{subsubsection.2.2.8.2}{\376\377\000E\000n\000t\000r\000e\000n\000a\000m\000i\000e\000n\000t\000o\000\040\000d\000e\000\040\000l\000a\000s\000\040\000G\000A\000N}{subsection.2.2.8}% 44
\BOOKMARK [3][-]{subsubsection.2.2.8.3}{\376\377\000D\000i\000f\000i\000c\000u\000l\000t\000a\000d\000e\000s\000\040\000d\000e\000l\000\040\000e\000n\000t\000r\000e\000n\000a\000m\000i\000e\000n\000t\000o\000\040\000d\000e\000\040\000l\000a\000s\000\040\000G\000A\000N}{subsection.2.2.8}% 45
\BOOKMARK [2][-]{subsection.2.2.9}{\376\377\000G\000e\000n\000e\000r\000a\000c\000i\000\363\000n\000\040\000d\000e\000\040\000I\000m\000\341\000g\000e\000n\000e\000s}{section.2.2}% 46
\BOOKMARK [1][-]{section.2.3}{\376\377\000M\000a\000r\000c\000o\000\040\000C\000o\000n\000c\000e\000p\000t\000u\000a\000l}{chapter.2}% 47
\BOOKMARK [2][-]{subsection.2.3.1}{\376\377\000R\000e\000d\000e\000s\000\040\000I\000n\000a\000l\000\341\000m\000b\000r\000i\000c\000a\000s}{section.2.3}% 48
\BOOKMARK [2][-]{subsection.2.3.2}{\376\377\000C\000a\000l\000i\000d\000a\000d\000\040\000d\000e\000\040\000S\000e\000r\000v\000i\000c\000i\000o\000\040\000\050\000Q\000o\000S\000\051}{section.2.3}% 49
\BOOKMARK [2][-]{subsection.2.3.3}{\376\377\000D\000i\000f\000e\000r\000e\000n\000t\000e\000s\000\040\000p\000a\000r\000\341\000m\000e\000t\000r\000o\000s\000\040\000q\000u\000e\000\040\000d\000e\000b\000e\000n\000\040\000e\000n\000v\000i\000a\000r\000s\000e\000\040\000p\000a\000r\000a\000\040\000l\000a\000s\000\040\000c\000o\000m\000u\000n\000i\000c\000a\000c\000i\000o\000n\000e\000s\000\040\000d\000e\000\040\000e\000x\000t\000r\000e\000m\000o\000\040\000a\000\040\000e\000x\000t\000r\000e\000m\000o\000\040\000a\000\040\000t\000r\000a\000v\000\351\000s\000\040\000d\000e\000\040\000r\000e\000d\000e\000s\000\040\000i\000n\000a\000l\000\341\000m\000b\000r\000i\000c\000a\000s\000\040}{section.2.3}% 50
\BOOKMARK [2][-]{subsection.2.3.4}{\376\377\000A\000c\000c\000e\000s\000s\000\040\000P\000o\000i\000n\000t\000s}{section.2.3}% 51
\BOOKMARK [0][-]{chapter.3}{\376\377\000M\000e\000t\000o\000d\000o\000l\000o\000g\000\355\000a\000\040\000d\000e\000\040\000l\000a\000\040\000I\000n\000v\000e\000s\000t\000i\000g\000a\000c\000i\000\363\000n}{}% 52
\BOOKMARK [1][-]{section.3.1}{\376\377\000D\000i\000s\000e\000\361\000o\000\040\000d\000e\000\040\000l\000a\000\040\000i\000n\000v\000e\000s\000t\000i\000g\000a\000c\000i\000\363\000n}{chapter.3}% 53
\BOOKMARK [2][-]{subsection.3.1.1}{\376\377\000T\000i\000p\000o\000\040\000d\000e\000\040\000i\000n\000v\000e\000s\000t\000i\000g\000a\000c\000i\000\363\000n}{section.3.1}% 54
\BOOKMARK [2][-]{subsection.3.1.2}{\376\377\000E\000n\000f\000o\000q\000u\000e\000\040\000d\000e\000\040\000l\000a\000\040\000i\000n\000v\000e\000s\000t\000i\000g\000a\000c\000i\000\363\000n}{section.3.1}% 55
\BOOKMARK [2][-]{subsection.3.1.3}{\376\377\000P\000o\000b\000l\000a\000c\000i\000\363\000n}{section.3.1}% 56
\BOOKMARK [2][-]{subsection.3.1.4}{\376\377\000M\000u\000e\000s\000t\000r\000a}{section.3.1}% 57
\BOOKMARK [2][-]{subsection.3.1.5}{\376\377\000O\000p\000e\000r\000a\000c\000i\000o\000n\000a\000l\000i\000z\000a\000c\000i\000\363\000n\000\040\000d\000e\000\040\000V\000a\000r\000i\000a\000b\000l\000e\000s}{section.3.1}% 58
\BOOKMARK [1][-]{section.3.2}{\376\377\000T\000\351\000c\000n\000i\000c\000a\000s\000\040\000d\000e\000\040\000r\000e\000c\000o\000l\000e\000c\000c\000i\000\363\000n\000\040\000d\000e\000\040\000d\000a\000t\000o\000s}{chapter.3}% 59
\BOOKMARK [1][-]{section.3.3}{\376\377\000T\000\351\000c\000n\000i\000c\000a\000s\000\040\000p\000a\000r\000a\000\040\000e\000l\000\040\000p\000r\000o\000c\000e\000s\000a\000m\000i\000e\000n\000t\000o\000\040\000y\000\040\000a\000n\000\341\000l\000i\000s\000i\000s\000\040\000d\000e\000\040\000l\000a\000\040\000i\000n\000f\000o\000r\000m\000a\000c\000i\000\363\000n}{chapter.3}% 60
\BOOKMARK [2][-]{subsection.3.3.1}{\376\377\000M\000e\000t\000o\000d\000o\000l\000o\000g\000\355\000a\000\040\000d\000e\000\040\000i\000m\000p\000l\000e\000m\000e\000n\000t\000a\000c\000i\000\363\000n\000\040\000d\000e\000\040\000l\000a\000\040\000s\000o\000l\000u\000c\000i\000\363\000n}{section.3.3}% 61
\BOOKMARK [3][-]{subsubsection.3.3.1.1}{\376\377\000A\000d\000q\000u\000i\000s\000i\000c\000i\000\363\000n\000\040\000d\000e\000\040\000D\000a\000t\000o\000s}{subsection.3.3.1}% 62
\BOOKMARK [3][-]{subsubsection.3.3.1.2}{\376\377\000P\000r\000e\000p\000r\000o\000c\000e\000s\000a\000m\000i\000e\000n\000t\000o\000\040\000d\000e\000\040\000D\000a\000t\000o\000s}{subsection.3.3.1}% 63
\BOOKMARK [3][-]{subsubsection.3.3.1.3}{\376\377\000D\000e\000s\000a\000r\000r\000o\000l\000l\000o\000\040\000d\000e\000l\000\040\000M\000o\000d\000e\000l\000o\000\040\000d\000e\000\040\000I\000A}{subsection.3.3.1}% 64
\BOOKMARK [3][-]{subsubsection.3.3.1.4}{\376\377\000E\000n\000t\000r\000e\000n\000a\000m\000i\000e\000n\000t\000o\000\040\000d\000e\000l\000\040\000M\000o\000d\000e\000l\000o}{subsection.3.3.1}% 65
\BOOKMARK [3][-]{subsubsection.3.3.1.5}{\376\377\000E\000v\000a\000l\000u\000a\000c\000i\000\363\000n\000\040\000d\000e\000l\000\040\000M\000o\000d\000e\000l\000o}{subsection.3.3.1}% 66
\BOOKMARK [3][-]{subsubsection.3.3.1.6}{\376\377\000D\000e\000s\000p\000l\000i\000e\000g\000u\000e}{subsection.3.3.1}% 67
\BOOKMARK [2][-]{subsection.3.3.2}{\376\377\000M\000e\000t\000o\000d\000o\000l\000o\000g\000\355\000a\000\040\000p\000a\000r\000a\000\040\000l\000a\000\040\000m\000e\000d\000i\000c\000i\000\363\000n\000\040\000d\000e\000\040\000r\000e\000s\000u\000l\000t\000a\000d\000o\000s}{section.3.3}% 68
\BOOKMARK [1][-]{section.3.4}{\376\377\000C\000r\000o\000n\000o\000g\000r\000a\000m\000a\000\040\000d\000e\000\040\000a\000c\000t\000i\000v\000i\000d\000a\000d\000e\000s\000\040\000y\000\040\000p\000r\000e\000s\000u\000p\000u\000e\000s\000t\000o}{chapter.3}% 69
\BOOKMARK [0][-]{chapter*.61}{\376\377\000R\000e\000f\000e\000r\000e\000n\000c\000i\000a\000s}{}% 70
\BOOKMARK [0][-]{section*.62}{\376\377\000A\000n\000e\000x\000o\000s}{}% 71
\BOOKMARK [1][-]{section.Alph0.1}{\376\377\000\301\000r\000b\000o\000l\000\040\000d\000e\000\040\000P\000r\000o\000b\000l\000e\000m\000a\000s}{section*.62}% 72
\BOOKMARK [1][-]{section.Alph0.2}{\376\377\000\301\000r\000b\000o\000l\000\040\000d\000e\000\040\000O\000b\000j\000e\000t\000i\000v\000o\000s}{section*.62}% 73
\BOOKMARK [1][-]{section.Alph0.3}{\376\377\000M\000a\000t\000r\000i\000z\000\040\000d\000e\000\040\000C\000o\000n\000s\000i\000s\000t\000e\000n\000c\000i\000a}{section*.62}% 74
\BOOKMARK [1][-]{section.Alph0.4}{\376\377\000C\000o\000m\000p\000a\000r\000a\000c\000i\000\363\000n\000\040\000d\000e\000\040\000m\000e\000t\000o\000d\000o\000l\000o\000g\000\355\000a\000s\000\040\000d\000e\000\040\000a\000n\000t\000e\000c\000e\000d\000e\000n\000t\000e\000s}{section*.62}% 75
